blinker==1.7.0
blur==0.4
click==8.1.7
clipboard==0.0.4
colorama==0.4.6
comtypes==1.2.0
decorator==4.4.2
EasyProcess==1.1
entrypoint2==1.1
fastapi==0.104.1
ffmpeg==1.4
Flask==3.0.0
flask-form==1.0.0
Flask-WTF==1.2.1
googletrans==3.0.0
greenlet==3.0.1
gTTS==2.4.0
gunicorn==21.2.0
h11==0.9.0
h2==3.2.0
hpack==3.0.0
hstspreload==2023.1.1
httpcore==0.9.1
httpx==0.13.3
hyperframe==5.2.0
idna==2.10
imageio==2.33.0
imageio-ffmpeg==0.4.9
itsdangerous==2.1.2
Jinja2==3.1.2
Mako==1.3.0
MarkupSafe==2.1.3
MouseInfo==0.1.3
moviepy==1.0.3
mss==9.0.1
mutagen==1.47.0
numpy==1.26.2
outcome==1.3.0.post0
packaging==23.2
Pillow==10.1.0
playsound==1.3.0
proglog==0.1.10
psutil==5.9.6
PyAutoGUI==0.9.54
pycparser==2.21
pydantic==2.4.2
pydantic_core==2.10.1
pydub==0.25.1
PyGetWindow==0.0.9
pyglet==2.0.10
PyMsgBox==1.0.9
pymssql==2.2.10
PyMySQL==1.1.0
pyperclip==1.8.2
pypiwin32==223
pyproject_hooks==1.0.0
PyRect==0.2.0
pyscreenshot==3.1
PyScreeze==0.1.29
PySide6-Essentials==6.6.0
PySocks==1.7.1
python-dotenv==1.0.0
pyttsx3==2.90
pytube==15.0.0
pytweening==1.0.7
pywin32==306
PyYAML==6.0.1
requests==2.31.0
rfc3986==1.5.0
screeninfo==0.8.1
selenium==4.15.2
setuptools==69.0.2
shiboken6==6.6.0
sniffio==1.3.0
sortedcontainers==2.4.0
soupsieve==2.5
SQLAlchemy==2.0.23
starlette==0.27.0
tqdm==4.66.1
trio==0.23.1
trio-websocket==0.11.1
typing_extensions==4.8.0
urllib3==2.0.7
uvicorn==0.24.0.post1
waitress==2.1.2
websockets==12.0
Werkzeug==3.0.1
wsproto==1.2.0
WTForms==3.1.1
