annotated-types==0.6.0
anyio==3.7.1
attrs==23.1.0
beautifulsoup4==4.12.2
blinker==1.7.0
bs4==0.0.1
certifi==2023.7.22
cffi==1.16.0
chardet==3.0.4
charset-normalizer==3.3.2
click==8.1.7
clipboard==0.0.4
colorama==0.4.6
comtypes==1.2.0
EasyProcess==1.1
entrypoint2==1.1
fastapi==0.104.1
Flask==3.0.0
googletrans==3.0.0
greenlet==3.0.1
gTTS==2.4.0
gunicorn==21.2.0
h11==0.9.0
h2==3.2.0
hpack==3.0.0
hstspreload==2023.1.1
httpcore==0.9.1
httpx==0.13.3
hyperframe==5.2.0
idna==2.10
itsdangerous==2.1.2
Jinja2==3.1.2
MarkupSafe==2.1.3
MouseInfo==0.1.3
mss==9.0.1
mutagen==1.47.0
outcome==1.3.0.post0
packaging==23.2
psutil==5.9.6
PyAutoGUI==0.9.54
pycparser==2.21
pydantic==2.4.2
pydantic_core==2.10.1
PyGetWindow==0.0.9
PyMsgBox==1.0.9
pymssql==2.2.10
PyMySQL==1.1.0
pyperclip==1.8.2
pypiwin32==223
PyRect==0.2.0
pyscreenshot==3.1
PyScreeze==0.1.29
PySocks==1.7.1
python-dotenv==1.0.0
pyttsx3==2.90
pytweening==1.0.7
pywin32==306
PyYAML==6.0.1
requests==2.31.0
rfc3986==1.5.0
selenium==4.15.2
sniffio==1.3.0
sortedcontainers==2.4.0
soupsieve==2.5
SQLAlchemy==2.0.23
starlette==0.27.0
trio==0.23.1
trio-websocket==0.11.1
typing_extensions==4.8.0
urllib3==2.0.7
waitress==2.1.2
websockets==12.0
Werkzeug==3.0.1
wsproto==1.2.0
